<?xml version="1.0" encoding="UTF-8"?>
<!-- Generated by org.testng.reporters.JUnitReportReporter -->
<testsuite hostname="Dell-Precision-5530" failures="0" tests="2" name="runner.runcucumber" time="0.280" errors="0" timestamp="2023-09-19T15:47:00 PKT" skipped="0">
  <testcase classname="runner.runcucumber" name="runScenario" time="0.268"/>
  <testcase classname="runner.runcucumber" name="runScenario" time="0.012"/>
</testsuite> <!-- runner.runcucumber -->
